2023-03-03 오전 10:49:49 [5756]  <Information>  'PatientGridSelectionChanged Enter' 

2023-03-03 오전 10:49:49 [5756]  <Information>  'GetStudyHistoryGrid Enter' 

2023-03-03 오전 10:49:49 [5756]  <Information>  'GetStudyHistoryGrid Leave' 

2023-03-03 오전 10:49:49 [5756]  <Information>  'GetPatient Info: SELECT PatientID, LastName, Sex,        BirthDate,  PersonalID, 
                                           PWardName, PWard,    OrderDept,  OrderDeptName,    
                                           ORDDRID, ORDDRNAME 
                                     FROM Patient  WHERE ( PatientID = @PatientID OR LastName = @LastName ) AND Removed = 0 ' 

2023-03-03 오전 10:49:49 [5756]  <Information>  'PatientGridSelectionChanged Arrive' 

2023-03-03 오전 10:49:49 [5756]  <Information>  'Close Studies that PatientID is Different : TCGA-17-Z028' 

2023-03-03 오전 10:49:49 [5756]  <Information>  '_SetImageCollection' 

2023-03-03 오전 10:49:49 [5756]  <Information>  'ImageGridControl._SetImageCollection difference ImageCollection' 

2023-03-03 오전 10:49:49 [5756]  <Information>  'ImageControl.OnFrameChanged' 

2023-03-03 오전 10:49:49 [5756]  <Information>  'ImageGridControl.ImageControl_FrameChanged' 

2023-03-03 오전 10:49:49 [5756]  <Information>  'ImageControl.OnFrameChanged' 

2023-03-03 오전 10:49:49 [5756]  <Information>  'ImageGridControl.ImageControl_FrameChanged' 

2023-03-03 오전 10:49:49 [5756]  <Information>  'ImageGridControl._SetImageCollection.m_Controller is null - 1 / 1' 

2023-03-03 오전 10:49:49 [5756]  <Information>  'GridPanel.GridLayout.Set - 1 / 1' 

2023-03-03 오전 10:49:49 [5756]  <Information>  'GridPanel.OnGridLayoutChanged' 

2023-03-03 오전 10:49:49 [5756]  <Information>  'Difference newvalue and oldvalue 
newValue - 1 / 1
oldValue - 2 / 2' 

2023-03-03 오전 10:49:49 [5756]  <Information>  'GridPanel.GridLayout - 1 / 1' 

2023-03-03 오전 10:49:49 [5756]  <Information>  '_SetImageCollection' 

2023-03-03 오전 10:49:49 [5756]  <Information>  'ImageGridControl._SetImageCollection.m_Controller is null - 1 / 1' 

2023-03-03 오전 10:49:49 [5756]  <Information>  'GridPanel.GridLayout.Set - 1 / 1' 

2023-03-03 오전 10:49:49 [5756]  <Information>  '_SetImageCollection' 

2023-03-03 오전 10:49:49 [5756]  <Information>  'ImageGridControl._SetImageCollection.m_Controller is null - 1 / 1' 

2023-03-03 오전 10:49:49 [5756]  <Information>  'GridPanel.GridLayout.Set - 1 / 1' 

2023-03-03 오전 10:49:49 [5756]  <Information>  'CloseImages' 

2023-03-03 오전 10:49:49 [5756]  <Information>  'CloseImages' 

2023-03-03 오전 10:49:49 [5756]  <Information>  'Series Load Start CT/4 - 1' 

2023-03-03 오전 10:49:49 [5756]  <Information>  'GridPanel.OnGridLayoutChanged' 

2023-03-03 오전 10:49:49 [5756]  <Information>  'GridPanel.GridLayout - 10 / 10' 

2023-03-03 오전 10:49:50 [5756]  <Information>  'Series Load End CT/4 - 1' 

2023-03-03 오전 10:49:50 [5756]  <Information>  'ImageGridControl.IsActiveGridControl' 

2023-03-03 오전 10:49:50 [5756]  <Information>  'ImageGridControl.IsActiveGridControl' 

2023-03-03 오전 10:49:50 [5756]  <Information>  '_SetImageCollection' 

2023-03-03 오전 10:49:50 [5756]  <Information>  'ImageGridControl._SetImageCollection difference ImageCollection' 

2023-03-03 오전 10:49:50 [5756]  <Information>  'ImageGridControl._SetImageCollection.m_Controller not null' 

2023-03-03 오전 10:49:50 [5756]  <Information>  'ImageGridControl._SetImageCollection.m_Controller - 2 / 2' 

2023-03-03 오전 10:49:50 [5756]  <Information>  'GridPanel.GridLayout.Set - 2 / 2' 

2023-03-03 오전 10:49:50 [5756]  <Information>  'GridPanel.OnGridLayoutChanged' 

2023-03-03 오전 10:49:50 [5756]  <Information>  'Difference newvalue and oldvalue 
newValue - 2 / 2
oldValue - 1 / 1' 

2023-03-03 오전 10:49:50 [5756]  <Information>  'GridPanel.GridLayout - 2 / 2' 

2023-03-03 오전 10:49:50 [5756]  <Information>  'ImageControl.OnFrameChanged' 

2023-03-03 오전 10:49:50 [5756]  <Information>  'ImageGridControl.ImageControl_FrameChanged' 

2023-03-03 오전 10:49:50 [5756]  <Information>  'Series Load Start CT/4 - 1' 

2023-03-03 오전 10:49:50 [5756]  <Information>  'Series Load End CT/4 - 1' 

2023-03-03 오전 10:49:50 [5756]  <Information>  'ImageGridControl.IsActiveGridControl' 

2023-03-03 오전 10:49:50 [5756]  <Information>  'ImageControl.OnFrameChanged' 

2023-03-03 오전 10:49:50 [5756]  <Information>  'ImageGridControl.ImageControl_FrameChanged' 

2023-03-03 오전 10:50:27 [5756]  <Information>  'ExportDicomWindow series count : 2' 

2023-03-03 오전 10:50:27 [5756]  <Information>  'Export Root Path : ' 

2023-03-03 오전 10:50:27 [5756]  <Information>  'ExportDicomWindow add fileDios count : Series oID - 159 , FileDios Count - 1' 

2023-03-03 오전 10:50:27 [5756]  <Information>  'ExportDicomWindow add fileDios count : Series oID - 177 , FileDios Count - 1' 

2023-03-03 오전 10:50:32 [5756]  <Information>  'Start ExportLocal' 

2023-03-03 오전 10:50:32 [5756]  <Information>  'ExportLocal : Load and save local file.' 

2023-03-03 오전 10:50:32 [5756]  <Information>  'Make Dicom DIR' 

2023-03-03 오전 10:50:32 [5756]  <Information>  'Save to local : StudyKey(46), SeriesKey(159), ImageCount(1)' 

2023-03-03 오전 10:50:32 [5756]  <Information>  'Patient ID : TCGA-17-Z028' 

2023-03-03 오전 10:50:32 [5756]  <Information>  'Modify Dicom infomation.' 

2023-03-03 오전 10:50:32 [5756]  <Information>  'Modify SpecificCharacterSet' 

2023-03-03 오전 10:50:32 [5756]  <Information>  'Modify StudyInstanceUID' 

2023-03-03 오전 10:50:32 [5756]  <Information>  'Modify SeriesInstanceUID' 

2023-03-03 오전 10:50:32 [5756]  <Information>  'Modify PatientID' 

2023-03-03 오전 10:50:32 [5756]  <Information>  'Modify PatientSex' 

2023-03-03 오전 10:50:32 [5756]  <Information>  'Modify StudyDescription' 

2023-03-03 오전 10:50:32 [5756]  <Information>  'Modify SeriesDescription' 

2023-03-03 오전 10:50:32 [5756]  <Information>  'Modify PatientName' 

2023-03-03 오전 10:50:32 [5756]  <Information>  'Modify PatientBirthDate' 

2023-03-03 오전 10:50:32 [5756]  <Information>  'Modify PatientAge : Leadtools.Dicom.DicomAgeValue' 

2023-03-03 오전 10:50:32 [5756]  <Information>  'Add SOPInstanceUID to list : 1.3.6.1.4.1.14519.5.2.1.7777.9002.196816373594020393309144790447' 

2023-03-03 오전 10:50:32 [5756]  <Information>  'Modify InstanceNumber' 

2023-03-03 오전 10:50:32 [5756]  <Information>  'InstitutionName : 'SIEMENS'' 

2023-03-03 오전 10:50:32 [5756]  <Information>  'Change DicomDataSet : \\115.145.56.182\Main_Storage\Storage1\2022\12\11\TCGA-17-Z028\CT\VIEWREX\4\I000001_1987.dcm' 

2023-03-03 오전 10:50:32 [5756]  <Information>  'Delete LUT Parameter' 

2023-03-03 오전 10:50:32 [5756]  <Information>  'Create Series Folder' 

2023-03-03 오전 10:50:32 [5756]  <Information>  'Create Series Folder : C:\Users\Administrator\Desktop\trash\DCMData\TCGA-17-Z028\20221202\Series000' 

2023-03-03 오전 10:50:32 [5756]  <Information>  'Export File Path : C:\Users\Administrator\Desktop\trash\DCMData\TCGA-17-Z028\20221202\Series000\VR00001.dcm' 

2023-03-03 오전 10:50:32 [5756]  <Information>  'Data Size : 254120' 

2023-03-03 오전 10:50:32 [5756]  <Information>  'Empty StudyInstanceUID : 1.3.6.1.4.1.14519.5.2.1.7777.9002.192351039448090667354884539617 / 254120' 

2023-03-03 오전 10:50:32 [5756]  <Information>  'Save to local : StudyKey(46), SeriesKey(177), ImageCount(1)' 

2023-03-03 오전 10:50:32 [5756]  <Information>  'Patient ID : TCGA-17-Z028' 

2023-03-03 오전 10:50:32 [5756]  <Information>  'Modify Dicom infomation.' 

2023-03-03 오전 10:50:32 [5756]  <Information>  'Modify SpecificCharacterSet' 

2023-03-03 오전 10:50:32 [5756]  <Information>  'Modify StudyInstanceUID' 

2023-03-03 오전 10:50:32 [5756]  <Information>  'Modify SeriesInstanceUID' 

2023-03-03 오전 10:50:32 [5756]  <Information>  'Modify PatientID' 

2023-03-03 오전 10:50:32 [5756]  <Information>  'Modify PatientSex' 

2023-03-03 오전 10:50:32 [5756]  <Information>  'Modify StudyDescription' 

2023-03-03 오전 10:50:32 [5756]  <Information>  'Modify SeriesDescription' 

2023-03-03 오전 10:50:32 [5756]  <Information>  'Modify PatientName' 

2023-03-03 오전 10:50:32 [5756]  <Information>  'Modify PatientBirthDate' 

2023-03-03 오전 10:50:32 [5756]  <Information>  'Modify PatientAge : Leadtools.Dicom.DicomAgeValue' 

2023-03-03 오전 10:50:32 [5756]  <Information>  'Set SOPInstanceUID :1.2.724.33963612.20230303.7997794515567836607' 

2023-03-03 오전 10:50:32 [5756]  <Information>  'Add SOPInstanceUID to list : 1.2.724.33963612.20230303.7997794515567836607' 

2023-03-03 오전 10:50:32 [5756]  <Information>  'Modify InstanceNumber' 

2023-03-03 오전 10:50:32 [5756]  <Information>  'InstitutionName : 'SIEMENS'' 

2023-03-03 오전 10:50:32 [5756]  <Information>  'Change DicomDataSet : \\115.145.56.182\Main_Storage\Storage1\2023\02\28\TCGA-17-Z028\Local\1.2.724.33963612.20230228.9007197863836875451\1.3.6.1.4.1.14519.5.2.1.7777.9002.196816373594020393309144790447_2075.dcm' 

2023-03-03 오전 10:50:32 [5756]  <Information>  'Delete LUT Parameter' 

2023-03-03 오전 10:50:32 [5756]  <Information>  'Create Series Folder' 

2023-03-03 오전 10:50:32 [5756]  <Information>  'Create Series Folder : C:\Users\Administrator\Desktop\trash\DCMData\TCGA-17-Z028\20221202\Series001' 

2023-03-03 오전 10:50:32 [5756]  <Information>  'Export File Path : C:\Users\Administrator\Desktop\trash\DCMData\TCGA-17-Z028\20221202\Series001\VR00001.dcm' 

2023-03-03 오전 10:50:32 [5756]  <Information>  'Data Size : 254084' 

2023-03-03 오전 10:50:32 [5756]  <Information>  'Same StudyInstanceUID : 1.3.6.1.4.1.14519.5.2.1.7777.9002.192351039448090667354884539617 / 254084' 

2023-03-03 오전 10:50:32 [5756]  <Information>  'Save dicomdir' 

2023-03-03 오전 10:50:32 [5756]  <Information>  'ExportLocal : After create Dicom Dir.' 

2023-03-03 오전 10:50:32 [5756]  <Information>  '
>> Requested Info
StudyCount : 1
SeriesCount : 2
FileCount : 2

>> Copy To Info
StudyCount : 1
SeriesCount : 2
FileCount : 2

>> DICOMDIR Info
StudyCount : 1
SeriesCount : 2
FileCount : 2
' 

2023-03-03 오전 10:50:32 [5756]  <Information>  'End ExportLocal' 

2023-03-03 오전 10:51:11 [5756]  <Information>  'Start ExportLocal' 

2023-03-03 오전 10:51:11 [5756]  <Information>  'ExportLocal : Load and save local file.' 

2023-03-03 오전 10:51:11 [5756]  <Information>  'Rename root folder : C:\Users\Administrator\Desktop\trash\20230303105111' 

2023-03-03 오전 10:51:11 [5756]  <Information>  'Make Dicom DIR' 

2023-03-03 오전 10:51:11 [5756]  <Information>  'Save to local : StudyKey(46), SeriesKey(159), ImageCount(1)' 

2023-03-03 오전 10:51:11 [5756]  <Information>  'Patient ID : TCGA-17-Z028' 

2023-03-03 오전 10:51:11 [5756]  <Information>  'Modify Dicom infomation.' 

2023-03-03 오전 10:51:11 [5756]  <Information>  'Modify SpecificCharacterSet' 

2023-03-03 오전 10:51:11 [5756]  <Information>  'Modify StudyInstanceUID' 

2023-03-03 오전 10:51:11 [5756]  <Information>  'Modify SeriesInstanceUID' 

2023-03-03 오전 10:51:11 [5756]  <Information>  'Modify PatientID' 

2023-03-03 오전 10:51:11 [5756]  <Information>  'Modify PatientSex' 

2023-03-03 오전 10:51:11 [5756]  <Information>  'Modify StudyDescription' 

2023-03-03 오전 10:51:11 [5756]  <Information>  'Modify SeriesDescription' 

2023-03-03 오전 10:51:11 [5756]  <Information>  'Modify PatientName' 

2023-03-03 오전 10:51:11 [5756]  <Information>  'Modify PatientBirthDate' 

2023-03-03 오전 10:51:11 [5756]  <Information>  'Modify PatientAge : Leadtools.Dicom.DicomAgeValue' 

2023-03-03 오전 10:51:11 [5756]  <Information>  'Add SOPInstanceUID to list : 1.3.6.1.4.1.14519.5.2.1.7777.9002.196816373594020393309144790447' 

2023-03-03 오전 10:51:11 [5756]  <Information>  'Modify InstanceNumber' 

2023-03-03 오전 10:51:11 [5756]  <Information>  'InstitutionName : 'SIEMENS'' 

2023-03-03 오전 10:51:11 [5756]  <Information>  'Change DicomDataSet : \\115.145.56.182\Main_Storage\Storage1\2022\12\11\TCGA-17-Z028\CT\VIEWREX\4\I000001_1987.dcm' 

2023-03-03 오전 10:51:11 [5756]  <Information>  'Delete LUT Parameter' 

2023-03-03 오전 10:51:11 [5756]  <Information>  'Create Series Folder' 

2023-03-03 오전 10:51:11 [5756]  <Information>  'Create Series Folder : C:\Users\Administrator\Desktop\trash\20230303105111\TCGA-17-Z028\20221202\Series000' 

2023-03-03 오전 10:51:12 [5756]  <Information>  'Export File Path : C:\Users\Administrator\Desktop\trash\20230303105111\TCGA-17-Z028\20221202\Series000\VR00001.dcm' 

2023-03-03 오전 10:51:12 [5756]  <Information>  'Data Size : 508240' 

2023-03-03 오전 10:51:12 [5756]  <Information>  'Empty StudyInstanceUID : 1.3.6.1.4.1.14519.5.2.1.7777.9002.192351039448090667354884539617 / 508240' 

2023-03-03 오전 10:51:12 [5756]  <Information>  'Save to local : StudyKey(46), SeriesKey(177), ImageCount(1)' 

2023-03-03 오전 10:51:12 [5756]  <Information>  'Patient ID : TCGA-17-Z028' 

2023-03-03 오전 10:51:12 [5756]  <Information>  'Modify Dicom infomation.' 

2023-03-03 오전 10:51:12 [5756]  <Information>  'Modify SpecificCharacterSet' 

2023-03-03 오전 10:51:12 [5756]  <Information>  'Modify StudyInstanceUID' 

2023-03-03 오전 10:51:12 [5756]  <Information>  'Modify SeriesInstanceUID' 

2023-03-03 오전 10:51:12 [5756]  <Information>  'Modify PatientID' 

2023-03-03 오전 10:51:12 [5756]  <Information>  'Modify PatientSex' 

2023-03-03 오전 10:51:12 [5756]  <Information>  'Modify StudyDescription' 

2023-03-03 오전 10:51:12 [5756]  <Information>  'Modify SeriesDescription' 

2023-03-03 오전 10:51:12 [5756]  <Information>  'Modify PatientName' 

2023-03-03 오전 10:51:12 [5756]  <Information>  'Modify PatientBirthDate' 

2023-03-03 오전 10:51:12 [5756]  <Information>  'Modify PatientAge : Leadtools.Dicom.DicomAgeValue' 

2023-03-03 오전 10:51:12 [5756]  <Information>  'Set SOPInstanceUID :1.2.724.33963612.20230303.16059818584049153503' 

2023-03-03 오전 10:51:12 [5756]  <Information>  'Add SOPInstanceUID to list : 1.2.724.33963612.20230303.16059818584049153503' 

2023-03-03 오전 10:51:12 [5756]  <Information>  'Modify InstanceNumber' 

2023-03-03 오전 10:51:12 [5756]  <Information>  'InstitutionName : 'SIEMENS'' 

2023-03-03 오전 10:51:12 [5756]  <Information>  'Change DicomDataSet : \\115.145.56.182\Main_Storage\Storage1\2023\02\28\TCGA-17-Z028\Local\1.2.724.33963612.20230228.9007197863836875451\1.3.6.1.4.1.14519.5.2.1.7777.9002.196816373594020393309144790447_2075.dcm' 

2023-03-03 오전 10:51:12 [5756]  <Information>  'Delete LUT Parameter' 

2023-03-03 오전 10:51:12 [5756]  <Information>  'Create Series Folder' 

2023-03-03 오전 10:51:12 [5756]  <Information>  'Create Series Folder : C:\Users\Administrator\Desktop\trash\20230303105111\TCGA-17-Z028\20221202\Series001' 

2023-03-03 오전 10:51:12 [5756]  <Information>  'Export File Path : C:\Users\Administrator\Desktop\trash\20230303105111\TCGA-17-Z028\20221202\Series001\VR00001.dcm' 

2023-03-03 오전 10:51:12 [5756]  <Information>  'Data Size : 508168' 

2023-03-03 오전 10:51:12 [5756]  <Information>  'Same StudyInstanceUID : 1.3.6.1.4.1.14519.5.2.1.7777.9002.192351039448090667354884539617 / 508168' 

2023-03-03 오전 10:51:12 [5756]  <Information>  'Save dicomdir' 

2023-03-03 오전 10:51:12 [5756]  <Information>  'ExportLocal : After create Dicom Dir.' 

2023-03-03 오전 10:51:12 [5756]  <Information>  '
>> Requested Info
StudyCount : 1
SeriesCount : 2
FileCount : 2

>> Copy To Info
StudyCount : 1
SeriesCount : 2
FileCount : 2

>> DICOMDIR Info
StudyCount : 1
SeriesCount : 2
FileCount : 2
' 

2023-03-03 오전 10:51:12 [5756]  <Information>  'End ExportLocal' 

2023-03-03 오전 10:51:48 [5756]  <Information>  'Export CD' 

2023-03-03 오전 10:51:49 [5756]  <Information>  'Add dir data list : StudyKey(46), SeriesKey(159), FileCount(1)' 

2023-03-03 오전 10:51:49 [5756]  <Information>  'Add dir data list : StudyKey(46), SeriesKey(177), FileCount(1)' 

2023-03-03 오전 10:51:51 [5756]  <Information>  'PatientGridSelectionChanged Enter' 

2023-03-03 오전 10:51:51 [5756]  <Information>  'GetStudyHistoryGrid Enter' 

2023-03-03 오전 10:51:51 [5756]  <Information>  'GetStudyHistoryGrid Leave' 

2023-03-03 오전 10:51:51 [5756]  <Information>  'GetPatient Info: SELECT PatientID, LastName, Sex,        BirthDate,  PersonalID, 
                                           PWardName, PWard,    OrderDept,  OrderDeptName,    
                                           ORDDRID, ORDDRNAME 
                                     FROM Patient  WHERE ( PatientID = @PatientID OR LastName = @LastName ) AND Removed = 0 ' 

2023-03-03 오전 10:51:51 [5756]  <Information>  'PatientGridSelectionChanged Arrive' 

2023-03-03 오전 10:51:52 [5756]  <Information>  'PatientGridSelectionChanged Enter' 

2023-03-03 오전 10:51:52 [5756]  <Information>  'GetStudyHistoryGrid Enter' 

2023-03-03 오전 10:51:52 [5756]  <Information>  'GetStudyHistoryGrid Leave' 

2023-03-03 오전 10:51:52 [5756]  <Information>  'GetPatient Info: SELECT PatientID, LastName, Sex,        BirthDate,  PersonalID, 
                                           PWardName, PWard,    OrderDept,  OrderDeptName,    
                                           ORDDRID, ORDDRNAME 
                                     FROM Patient  WHERE ( PatientID = @PatientID OR LastName = @LastName ) AND Removed = 0 ' 

2023-03-03 오전 10:51:52 [5756]  <Information>  'PatientGridSelectionChanged Arrive' 

2023-03-03 오전 10:52:00 [5756]  <Information>  'ExportDicomWindow series count : 2' 

2023-03-03 오전 10:52:00 [5756]  <Information>  'Export Root Path : ' 

2023-03-03 오전 10:52:00 [5756]  <Information>  'ExportDicomWindow add fileDios count : Series oID - 159 , FileDios Count - 1' 

2023-03-03 오전 10:52:00 [5756]  <Information>  'ExportDicomWindow add fileDios count : Series oID - 177 , FileDios Count - 1' 

2023-03-03 오전 10:52:01 [5756]  <Information>  'Start ExportLocal' 

2023-03-03 오전 10:52:01 [5756]  <Information>  'ExportLocal : Load and save local file.' 

2023-03-03 오전 10:52:01 [5756]  <Information>  'Rename root folder : C:\Users\Administrator\Desktop\trash\20230303105201' 

2023-03-03 오전 10:52:01 [5756]  <Information>  'Make Dicom DIR' 

2023-03-03 오전 10:52:01 [5756]  <Information>  'Save to local : StudyKey(46), SeriesKey(159), ImageCount(1)' 

2023-03-03 오전 10:52:01 [5756]  <Information>  'Patient ID : TCGA-17-Z028' 

2023-03-03 오전 10:52:01 [5756]  <Information>  'Modify Dicom infomation.' 

2023-03-03 오전 10:52:01 [5756]  <Information>  'Modify SpecificCharacterSet' 

2023-03-03 오전 10:52:01 [5756]  <Information>  'Modify StudyInstanceUID' 

2023-03-03 오전 10:52:01 [5756]  <Information>  'Modify SeriesInstanceUID' 

2023-03-03 오전 10:52:01 [5756]  <Information>  'Modify PatientID' 

2023-03-03 오전 10:52:01 [5756]  <Information>  'Modify PatientSex' 

2023-03-03 오전 10:52:01 [5756]  <Information>  'Modify StudyDescription' 

2023-03-03 오전 10:52:01 [5756]  <Information>  'Modify SeriesDescription' 

2023-03-03 오전 10:52:01 [5756]  <Information>  'Modify PatientName' 

2023-03-03 오전 10:52:01 [5756]  <Information>  'Modify PatientBirthDate' 

2023-03-03 오전 10:52:01 [5756]  <Information>  'Modify PatientAge : Leadtools.Dicom.DicomAgeValue' 

2023-03-03 오전 10:52:01 [5756]  <Information>  'Add SOPInstanceUID to list : 1.3.6.1.4.1.14519.5.2.1.7777.9002.196816373594020393309144790447' 

2023-03-03 오전 10:52:01 [5756]  <Information>  'Modify InstanceNumber' 

2023-03-03 오전 10:52:01 [5756]  <Information>  'InstitutionName : 'SIEMENS'' 

2023-03-03 오전 10:52:01 [5756]  <Information>  'Change DicomDataSet : \\115.145.56.182\Main_Storage\Storage1\2022\12\11\TCGA-17-Z028\CT\VIEWREX\4\I000001_1987.dcm' 

2023-03-03 오전 10:52:01 [5756]  <Information>  'Delete LUT Parameter' 

2023-03-03 오전 10:52:01 [5756]  <Information>  'Create Series Folder' 

2023-03-03 오전 10:52:01 [5756]  <Information>  'Create Series Folder : C:\Users\Administrator\Desktop\trash\20230303105201\TCGA-17-Z028\20221202\Series000' 

2023-03-03 오전 10:52:01 [5756]  <Information>  'Export File Path : C:\Users\Administrator\Desktop\trash\20230303105201\TCGA-17-Z028\20221202\Series000\VR00001.dcm' 

2023-03-03 오전 10:52:01 [5756]  <Information>  'Data Size : 254120' 

2023-03-03 오전 10:52:01 [5756]  <Information>  'Empty StudyInstanceUID : 1.3.6.1.4.1.14519.5.2.1.7777.9002.192351039448090667354884539617 / 254120' 

2023-03-03 오전 10:52:01 [5756]  <Information>  'Save to local : StudyKey(46), SeriesKey(177), ImageCount(1)' 

2023-03-03 오전 10:52:01 [5756]  <Information>  'Patient ID : TCGA-17-Z028' 

2023-03-03 오전 10:52:01 [5756]  <Information>  'Modify Dicom infomation.' 

2023-03-03 오전 10:52:01 [5756]  <Information>  'Modify SpecificCharacterSet' 

2023-03-03 오전 10:52:01 [5756]  <Information>  'Modify StudyInstanceUID' 

2023-03-03 오전 10:52:01 [5756]  <Information>  'Modify SeriesInstanceUID' 

2023-03-03 오전 10:52:01 [5756]  <Information>  'Modify PatientID' 

2023-03-03 오전 10:52:01 [5756]  <Information>  'Modify PatientSex' 

2023-03-03 오전 10:52:01 [5756]  <Information>  'Modify StudyDescription' 

2023-03-03 오전 10:52:01 [5756]  <Information>  'Modify SeriesDescription' 

2023-03-03 오전 10:52:01 [5756]  <Information>  'Modify PatientName' 

2023-03-03 오전 10:52:01 [5756]  <Information>  'Modify PatientBirthDate' 

2023-03-03 오전 10:52:01 [5756]  <Information>  'Modify PatientAge : Leadtools.Dicom.DicomAgeValue' 

2023-03-03 오전 10:52:01 [5756]  <Information>  'Set SOPInstanceUID :1.2.724.33963612.20230303.5762214864320699387' 

2023-03-03 오전 10:52:01 [5756]  <Information>  'Add SOPInstanceUID to list : 1.2.724.33963612.20230303.5762214864320699387' 

2023-03-03 오전 10:52:01 [5756]  <Information>  'Modify InstanceNumber' 

2023-03-03 오전 10:52:01 [5756]  <Information>  'InstitutionName : 'SIEMENS'' 

2023-03-03 오전 10:52:01 [5756]  <Information>  'Change DicomDataSet : \\115.145.56.182\Main_Storage\Storage1\2023\02\28\TCGA-17-Z028\Local\1.2.724.33963612.20230228.9007197863836875451\1.3.6.1.4.1.14519.5.2.1.7777.9002.196816373594020393309144790447_2075.dcm' 

2023-03-03 오전 10:52:01 [5756]  <Information>  'Delete LUT Parameter' 

2023-03-03 오전 10:52:01 [5756]  <Information>  'Create Series Folder' 

2023-03-03 오전 10:52:01 [5756]  <Information>  'Create Series Folder : C:\Users\Administrator\Desktop\trash\20230303105201\TCGA-17-Z028\20221202\Series001' 

2023-03-03 오전 10:52:01 [5756]  <Information>  'Export File Path : C:\Users\Administrator\Desktop\trash\20230303105201\TCGA-17-Z028\20221202\Series001\VR00001.dcm' 

2023-03-03 오전 10:52:01 [5756]  <Information>  'Data Size : 254084' 

2023-03-03 오전 10:52:01 [5756]  <Information>  'Same StudyInstanceUID : 1.3.6.1.4.1.14519.5.2.1.7777.9002.192351039448090667354884539617 / 254084' 

2023-03-03 오전 10:52:01 [5756]  <Information>  'Save dicomdir' 

2023-03-03 오전 10:52:01 [5756]  <Information>  'ExportLocal : After create Dicom Dir.' 

2023-03-03 오전 10:52:01 [5756]  <Information>  '
>> Requested Info
StudyCount : 1
SeriesCount : 2
FileCount : 2

>> Copy To Info
StudyCount : 1
SeriesCount : 2
FileCount : 2

>> DICOMDIR Info
StudyCount : 1
SeriesCount : 2
FileCount : 2
' 

2023-03-03 오전 10:52:01 [5756]  <Information>  'End ExportLocal' 

