2023-04-06 오후 5:04:10 [14700]  <Information>  'PatientGridSelectionChanged Enter' 

2023-04-06 오후 5:04:10 [14700]  <Information>  'PatientGridSelectionChanged Arrive' 

2023-04-06 오후 5:04:10 [14700]  <Information>  'Close Studies that PatientID is Different : 100006220' 

2023-04-06 오후 5:04:10 [14700]  <Information>  '_SetImageCollection' 

2023-04-06 오후 5:04:10 [14700]  <Information>  'ImageGridControl._SetImageCollection.m_Controller is null - 1 / 1' 

2023-04-06 오후 5:04:10 [14700]  <Information>  'GridPanel.GridLayout.Set - 1 / 1' 

2023-04-06 오후 5:04:10 [14700]  <Information>  '_SetImageCollection' 

2023-04-06 오후 5:04:10 [14700]  <Information>  'ImageGridControl._SetImageCollection.m_Controller is null - 1 / 1' 

2023-04-06 오후 5:04:10 [14700]  <Information>  'GridPanel.GridLayout.Set - 1 / 1' 

2023-04-06 오후 5:04:10 [14700]  <Information>  'Multi Load 1 StudyID : 58' 

2023-04-06 오후 5:04:10 [14700]  <Information>  'Multi Load 2 StudyID : 1' 

2023-04-06 오후 5:04:10 [14700]  <Information>  'Series Load Start DR/2 - 1' 

2023-04-06 오후 5:04:10 [14700]  <Information>  'GridPanel.OnGridLayoutChanged' 

2023-04-06 오후 5:04:10 [14700]  <Information>  'GridPanel.GridLayout - 10 / 10' 

2023-04-06 오후 5:04:10 [14700]  <Information>  'Series Load End DR/2 - 1' 

2023-04-06 오후 5:04:10 [14700]  <Information>  'ImageGridControl.IsActiveGridControl' 

2023-04-06 오후 5:04:10 [14700]  <Information>  'ImageGridControl.IsActiveGridControl' 

2023-04-06 오후 5:04:10 [14700]  <Information>  'GridPanel.OnGridLayoutChanged' 

2023-04-06 오후 5:04:11 [14700]  <Information>  'GridPanel.GridLayout - 1 / 1' 

2023-04-06 오후 5:04:11 [14700]  <Information>  '_SetImageCollection' 

2023-04-06 오후 5:04:11 [14700]  <Information>  'ImageGridControl._SetImageCollection difference ImageCollection' 

2023-04-06 오후 5:04:11 [14700]  <Information>  'ImageGridControl._SetImageCollection.m_Controller not null' 

2023-04-06 오후 5:04:11 [14700]  <Information>  'ImageGridControl._SetImageCollection.m_Controller - 1 / 1' 

2023-04-06 오후 5:04:11 [14700]  <Information>  'GridPanel.GridLayout.Set - 1 / 1' 

2023-04-06 오후 5:04:11 [14700]  <Information>  'GridPanel.OnGridLayoutChanged' 

2023-04-06 오후 5:04:11 [14700]  <Information>  'GridPanel.GridLayout - 1 / 1' 

2023-04-06 오후 5:04:11 [14700]  <Information>  'ImageControl.OnFrameChanged' 

2023-04-06 오후 5:04:11 [14700]  <Information>  'ImageGridControl.ImageControl_FrameChanged' 

2023-04-06 오후 5:04:11 [14700]  <Information>  'Multi Load 3 load ' 

2023-04-06 오후 5:04:11 [14700]  <Information>  'Multi Load 3' 

2023-04-06 오후 5:04:11 [14700]  <Information>  'Multi Load 4' 

2023-04-06 오후 5:04:11 [14700]  <Information>  'Multi Load 1 StudyID : 60' 

2023-04-06 오후 5:04:11 [14700]  <Information>  'Multi Load 2 StudyID : 1' 

2023-04-06 오후 5:04:11 [14700]  <Information>  'ImageGridControl.IsActiveGridControl' 

2023-04-06 오후 5:04:11 [14700]  <Information>  'Series Load Start US/1 - 1' 

2023-04-06 오후 5:04:11 [14700]  <Information>  'GridPanel.OnGridLayoutChanged' 

2023-04-06 오후 5:04:11 [14700]  <Information>  'GridPanel.GridLayout - 10 / 10' 

2023-04-06 오후 5:04:11 [14700]  <Information>  'Series Load End US/1 - 1' 

2023-04-06 오후 5:04:11 [14700]  <Information>  'ImageGridControl.IsActiveGridControl' 

2023-04-06 오후 5:04:11 [14700]  <Information>  'ImageGridControl.IsActiveGridControl' 

2023-04-06 오후 5:04:11 [14700]  <Information>  'Multi Load 3 load ' 

2023-04-06 오후 5:04:11 [14700]  <Information>  'Multi Load 3' 

2023-04-06 오후 5:04:11 [14700]  <Information>  'Multi Load 4' 

2023-04-06 오후 5:04:11 [14700]  <Information>  'Multi Load 1 StudyID : 55' 

2023-04-06 오후 5:04:11 [14700]  <Information>  'Multi Load 2 StudyID : 2' 

2023-04-06 오후 5:04:11 [14700]  <Information>  'ImageGridControl.IsActiveGridControl' 

2023-04-06 오후 5:04:11 [14700]  <Information>  'Series Load Start DR/1 - 1' 

2023-04-06 오후 5:04:11 [14700]  <Information>  'GridPanel.OnGridLayoutChanged' 

2023-04-06 오후 5:04:11 [14700]  <Information>  'GridPanel.GridLayout - 10 / 10' 

2023-04-06 오후 5:04:11 [14700]  <Information>  'Series Load End DR/1 - 1' 

2023-04-06 오후 5:04:11 [14700]  <Information>  'ImageGridControl.IsActiveGridControl' 

2023-04-06 오후 5:04:11 [14700]  <Information>  'ImageGridControl.IsActiveGridControl' 

2023-04-06 오후 5:04:11 [14700]  <Information>  'Series Load Start DR/1 - 2' 

2023-04-06 오후 5:04:11 [14700]  <Information>  'Series Load End DR/1 - 2' 

2023-04-06 오후 5:04:11 [14700]  <Information>  'ImageGridControl.IsActiveGridControl' 

2023-04-06 오후 5:04:11 [14700]  <Information>  'Multi Load 3 load ' 

2023-04-06 오후 5:04:11 [14700]  <Information>  'Multi Load 3' 

2023-04-06 오후 5:04:11 [14700]  <Information>  'Multi Load 4' 

2023-04-06 오후 5:04:31 [14700]  <Information>  '******* Application_Exit *******' 

2023-04-06 오후 5:04:31 [14700]  <Information>  'BackgroundFrameLoader Termiate.' 

